This is pdfTeX, Version 3.14159265-2.6-1.40.16 (TeX Live 2015/Debian) (preloaded format=pdflatex 2018.10.13)  9 MAR 2019 22:50
entering extended mode
 restricted \write18 enabled.
 %&-line parsing enabled.
**"graph labelling.tex"
(./graph labelling.tex
LaTeX2e <2016/02/01>
Babel <3.9q> and hyphenation patterns for 81 language(s) loaded.
(/usr/share/texlive/texmf-dist/tex/latex/base/book.cls
Document Class: book 2014/09/29 v1.4h Standard LaTeX document class
(/usr/share/texlive/texmf-dist/tex/latex/base/bk11.clo
File: bk11.clo 2014/09/29 v1.4h Standard LaTeX file (size option)
)
\c@part=\count79
\c@chapter=\count80
\c@section=\count81
\c@subsection=\count82
\c@subsubsection=\count83
\c@paragraph=\count84
\c@subparagraph=\count85
\c@figure=\count86
\c@table=\count87
\abovecaptionskip=\skip41
\belowcaptionskip=\skip42
\bibindent=\dimen102
)
(/usr/share/texlive/texmf-dist/tex/latex/base/latexsym.sty
Package: latexsym 1998/08/17 v2.2e Standard LaTeX package (lasy symbols)
\symlasy=\mathgroup4
LaTeX Font Info:    Overwriting symbol font `lasy' in version `bold'
(Font)                  U/lasy/m/n --> U/lasy/b/n on input line 52.
)
(/usr/share/texlive/texmf-dist/tex/latex/float/float.sty
Package: float 2001/11/08 v1.3d Float enhancements (AL)
\c@float@type=\count88
\float@exts=\toks14
\float@box=\box26
\@float@everytoks=\toks15
\@floatcapt=\box27
)
(/usr/share/texlive/texmf-dist/tex/latex/graphics/graphicx.sty
Package: graphicx 2014/10/28 v1.0g Enhanced LaTeX Graphics (DPC,SPQR)

(/usr/share/texlive/texmf-dist/tex/latex/graphics/keyval.sty
Package: keyval 2014/10/28 v1.15 key=value parser (DPC)
\KV@toks@=\toks16
)
(/usr/share/texlive/texmf-dist/tex/latex/graphics/graphics.sty
Package: graphics 2016/01/03 v1.0q Standard LaTeX Graphics (DPC,SPQR)

(/usr/share/texlive/texmf-dist/tex/latex/graphics/trig.sty
Package: trig 2016/01/03 v1.10 sin cos tan (DPC)
)
(/usr/share/texlive/texmf-dist/tex/latex/latexconfig/graphics.cfg
File: graphics.cfg 2010/04/23 v1.9 graphics configuration of TeX Live
)
Package graphics Info: Driver file: pdftex.def on input line 95.

(/usr/share/texlive/texmf-dist/tex/latex/pdftex-def/pdftex.def
File: pdftex.def 2011/05/27 v0.06d Graphics/color for pdfTeX

(/usr/share/texlive/texmf-dist/tex/generic/oberdiek/infwarerr.sty
Package: infwarerr 2010/04/08 v1.3 Providing info/warning/error messages (HO)
)
(/usr/share/texlive/texmf-dist/tex/generic/oberdiek/ltxcmds.sty
Package: ltxcmds 2011/11/09 v1.22 LaTeX kernel commands for general use (HO)
)
\Gread@gobject=\count89
))
\Gin@req@height=\dimen103
\Gin@req@width=\dimen104
)
(/usr/share/texlive/texmf-dist/tex/latex/amsmath/amsmath.sty
Package: amsmath 2016/03/03 v2.15a AMS math features
\@mathmargin=\skip43

For additional information on amsmath, use the `?' option.
(/usr/share/texlive/texmf-dist/tex/latex/amsmath/amstext.sty
Package: amstext 2000/06/29 v2.01 AMS text

(/usr/share/texlive/texmf-dist/tex/latex/amsmath/amsgen.sty
File: amsgen.sty 1999/11/30 v2.0 generic functions
\@emptytoks=\toks17
\ex@=\dimen105
))
(/usr/share/texlive/texmf-dist/tex/latex/amsmath/amsbsy.sty
Package: amsbsy 1999/11/29 v1.2d Bold Symbols
\pmbraise@=\dimen106
)
(/usr/share/texlive/texmf-dist/tex/latex/amsmath/amsopn.sty
Package: amsopn 1999/12/14 v2.01 operator names
)
\inf@bad=\count90
LaTeX Info: Redefining \frac on input line 199.
\uproot@=\count91
\leftroot@=\count92
LaTeX Info: Redefining \overline on input line 297.
\classnum@=\count93
\DOTSCASE@=\count94
LaTeX Info: Redefining \ldots on input line 394.
LaTeX Info: Redefining \dots on input line 397.
LaTeX Info: Redefining \cdots on input line 518.
\Mathstrutbox@=\box28
\strutbox@=\box29
\big@size=\dimen107
LaTeX Font Info:    Redeclaring font encoding OML on input line 630.
LaTeX Font Info:    Redeclaring font encoding OMS on input line 631.
\macc@depth=\count95
\c@MaxMatrixCols=\count96
\dotsspace@=\muskip10
\c@parentequation=\count97
\dspbrk@lvl=\count98
\tag@help=\toks18
\row@=\count99
\column@=\count100
\maxfields@=\count101
\andhelp@=\toks19
\eqnshift@=\dimen108
\alignsep@=\dimen109
\tagshift@=\dimen110
\tagwidth@=\dimen111
\totwidth@=\dimen112
\lineht@=\dimen113
\@envbody=\toks20
\multlinegap=\skip44
\multlinetaggap=\skip45
\mathdisplay@stack=\toks21
LaTeX Info: Redefining \[ on input line 2735.
LaTeX Info: Redefining \] on input line 2736.
)
(/usr/share/texlive/texmf-dist/tex/latex/amsfonts/amssymb.sty
Package: amssymb 2013/01/14 v3.01 AMS font symbols

(/usr/share/texlive/texmf-dist/tex/latex/amsfonts/amsfonts.sty
Package: amsfonts 2013/01/14 v3.01 Basic AMSFonts support
\symAMSa=\mathgroup5
\symAMSb=\mathgroup6
LaTeX Font Info:    Overwriting math alphabet `\mathfrak' in version `bold'
(Font)                  U/euf/m/n --> U/euf/b/n on input line 106.
))
(/usr/share/texlive/texmf-dist/tex/latex/base/textcomp.sty
Package: textcomp 2005/09/27 v1.99g Standard LaTeX package
Package textcomp Info: Sub-encoding information:
(textcomp)               5 = only ISO-Adobe without \textcurrency
(textcomp)               4 = 5 + \texteuro
(textcomp)               3 = 4 + \textohm
(textcomp)               2 = 3 + \textestimated + \textcurrency
(textcomp)               1 = TS1 - \textcircled - \t
(textcomp)               0 = TS1 (full)
(textcomp)             Font families with sub-encoding setting implement
(textcomp)             only a restricted character set as indicated.
(textcomp)             Family '?' is the default used for unknown fonts.
(textcomp)             See the documentation for details.
Package textcomp Info: Setting ? sub-encoding to TS1/1 on input line 79.

(/usr/share/texlive/texmf-dist/tex/latex/base/ts1enc.def
File: ts1enc.def 2001/06/05 v3.0e (jk/car/fm) Standard LaTeX file
)
LaTeX Info: Redefining \oldstylenums on input line 334.
Package textcomp Info: Setting cmr sub-encoding to TS1/0 on input line 349.
Package textcomp Info: Setting cmss sub-encoding to TS1/0 on input line 350.
Package textcomp Info: Setting cmtt sub-encoding to TS1/0 on input line 351.
Package textcomp Info: Setting cmvtt sub-encoding to TS1/0 on input line 352.
Package textcomp Info: Setting cmbr sub-encoding to TS1/0 on input line 353.
Package textcomp Info: Setting cmtl sub-encoding to TS1/0 on input line 354.
Package textcomp Info: Setting ccr sub-encoding to TS1/0 on input line 355.
Package textcomp Info: Setting ptm sub-encoding to TS1/4 on input line 356.
Package textcomp Info: Setting pcr sub-encoding to TS1/4 on input line 357.
Package textcomp Info: Setting phv sub-encoding to TS1/4 on input line 358.
Package textcomp Info: Setting ppl sub-encoding to TS1/3 on input line 359.
Package textcomp Info: Setting pag sub-encoding to TS1/4 on input line 360.
Package textcomp Info: Setting pbk sub-encoding to TS1/4 on input line 361.
Package textcomp Info: Setting pnc sub-encoding to TS1/4 on input line 362.
Package textcomp Info: Setting pzc sub-encoding to TS1/4 on input line 363.
Package textcomp Info: Setting bch sub-encoding to TS1/4 on input line 364.
Package textcomp Info: Setting put sub-encoding to TS1/5 on input line 365.
Package textcomp Info: Setting uag sub-encoding to TS1/5 on input line 366.
Package textcomp Info: Setting ugq sub-encoding to TS1/5 on input line 367.
Package textcomp Info: Setting ul8 sub-encoding to TS1/4 on input line 368.
Package textcomp Info: Setting ul9 sub-encoding to TS1/4 on input line 369.
Package textcomp Info: Setting augie sub-encoding to TS1/5 on input line 370.
Package textcomp Info: Setting dayrom sub-encoding to TS1/3 on input line 371.
Package textcomp Info: Setting dayroms sub-encoding to TS1/3 on input line 372.

Package textcomp Info: Setting pxr sub-encoding to TS1/0 on input line 373.
Package textcomp Info: Setting pxss sub-encoding to TS1/0 on input line 374.
Package textcomp Info: Setting pxtt sub-encoding to TS1/0 on input line 375.
Package textcomp Info: Setting txr sub-encoding to TS1/0 on input line 376.
Package textcomp Info: Setting txss sub-encoding to TS1/0 on input line 377.
Package textcomp Info: Setting txtt sub-encoding to TS1/0 on input line 378.
Package textcomp Info: Setting lmr sub-encoding to TS1/0 on input line 379.
Package textcomp Info: Setting lmdh sub-encoding to TS1/0 on input line 380.
Package textcomp Info: Setting lmss sub-encoding to TS1/0 on input line 381.
Package textcomp Info: Setting lmssq sub-encoding to TS1/0 on input line 382.
Package textcomp Info: Setting lmvtt sub-encoding to TS1/0 on input line 383.
Package textcomp Info: Setting lmtt sub-encoding to TS1/0 on input line 384.
Package textcomp Info: Setting qhv sub-encoding to TS1/0 on input line 385.
Package textcomp Info: Setting qag sub-encoding to TS1/0 on input line 386.
Package textcomp Info: Setting qbk sub-encoding to TS1/0 on input line 387.
Package textcomp Info: Setting qcr sub-encoding to TS1/0 on input line 388.
Package textcomp Info: Setting qcs sub-encoding to TS1/0 on input line 389.
Package textcomp Info: Setting qpl sub-encoding to TS1/0 on input line 390.
Package textcomp Info: Setting qtm sub-encoding to TS1/0 on input line 391.
Package textcomp Info: Setting qzc sub-encoding to TS1/0 on input line 392.
Package textcomp Info: Setting qhvc sub-encoding to TS1/0 on input line 393.
Package textcomp Info: Setting futs sub-encoding to TS1/4 on input line 394.
Package textcomp Info: Setting futx sub-encoding to TS1/4 on input line 395.
Package textcomp Info: Setting futj sub-encoding to TS1/4 on input line 396.
Package textcomp Info: Setting hlh sub-encoding to TS1/3 on input line 397.
Package textcomp Info: Setting hls sub-encoding to TS1/3 on input line 398.
Package textcomp Info: Setting hlst sub-encoding to TS1/3 on input line 399.
Package textcomp Info: Setting hlct sub-encoding to TS1/5 on input line 400.
Package textcomp Info: Setting hlx sub-encoding to TS1/5 on input line 401.
Package textcomp Info: Setting hlce sub-encoding to TS1/5 on input line 402.
Package textcomp Info: Setting hlcn sub-encoding to TS1/5 on input line 403.
Package textcomp Info: Setting hlcw sub-encoding to TS1/5 on input line 404.
Package textcomp Info: Setting hlcf sub-encoding to TS1/5 on input line 405.
Package textcomp Info: Setting pplx sub-encoding to TS1/3 on input line 406.
Package textcomp Info: Setting pplj sub-encoding to TS1/3 on input line 407.
Package textcomp Info: Setting ptmx sub-encoding to TS1/4 on input line 408.
Package textcomp Info: Setting ptmj sub-encoding to TS1/4 on input line 409.
)
(/usr/share/texlive/texmf-dist/tex/latex/graphics/color.sty
Package: color 2016/01/03 v1.1b Standard LaTeX Color (DPC)

(/usr/share/texlive/texmf-dist/tex/latex/latexconfig/color.cfg
File: color.cfg 2007/01/18 v1.5 color configuration of teTeX/TeXLive
)
Package color Info: Driver file: pdftex.def on input line 143.
)
(/usr/share/texlive/texmf-dist/tex/latex/subfig/subfig.sty
Package: subfig 2005/06/28 ver: 1.3 subfig package

(/usr/share/texlive/texmf-dist/tex/latex/caption/caption.sty
Package: caption 2016/02/21 v3.3-144 Customizing captions (AR)

(/usr/share/texlive/texmf-dist/tex/latex/caption/caption3.sty
Package: caption3 2016/02/04 v1.7-139 caption3 kernel (AR)
Package caption3 Info: TeX engine: e-TeX on input line 67.
\captionmargin=\dimen114
\captionmargin@=\dimen115
\captionwidth=\dimen116
\caption@tempdima=\dimen117
\caption@indent=\dimen118
\caption@parindent=\dimen119
\caption@hangindent=\dimen120
)
\c@ContinuedFloat=\count102
Package caption Info: float package is loaded.
)
\c@KVtest=\count103
\sf@farskip=\skip46
\sf@captopadj=\dimen121
\sf@capskip=\skip47
\sf@nearskip=\skip48
\c@subfigure=\count104
\c@subfigure@save=\count105
\c@lofdepth=\count106
\c@subtable=\count107
\c@subtable@save=\count108
\c@lotdepth=\count109
\sf@top=\skip49
\sf@bottom=\skip50
)
(/usr/share/texlive/texmf-dist/tex/latex/tools/enumerate.sty
Package: enumerate 2015/07/23 v3.00 enumerate extensions (DPC)
\@enLab=\toks22
)
(/usr/share/texlive/texmf-dist/tex/latex/natbib/natbib.sty
Package: natbib 2010/09/13 8.31b (PWD, AO)
\bibhang=\skip51
\bibsep=\skip52
LaTeX Info: Redefining \cite on input line 694.
\c@NAT@ctr=\count110
)
(/usr/share/texlive/texmf-dist/tex/latex/tools/longtable.sty
Package: longtable 2014/10/28 v4.11 Multi-page Table package (DPC)
\LTleft=\skip53
\LTright=\skip54
\LTpre=\skip55
\LTpost=\skip56
\LTchunksize=\count111
\LTcapwidth=\dimen122
\LT@head=\box30
\LT@firsthead=\box31
\LT@foot=\box32
\LT@lastfoot=\box33
\LT@cols=\count112
\LT@rows=\count113
\c@LT@tables=\count114
\c@LT@chunks=\count115
\LT@p@ftn=\toks23
)
(/usr/share/texlive/texmf-dist/tex/latex/listings/listings.sty
\lst@mode=\count116
\lst@gtempboxa=\box34
\lst@token=\toks24
\lst@length=\count117
\lst@currlwidth=\dimen123
\lst@column=\count118
\lst@pos=\count119
\lst@lostspace=\dimen124
\lst@width=\dimen125
\lst@newlines=\count120
\lst@lineno=\count121
\lst@maxwidth=\dimen126

(/usr/share/texlive/texmf-dist/tex/latex/listings/lstmisc.sty
File: lstmisc.sty 2015/06/04 1.6 (Carsten Heinz)
\c@lstnumber=\count122
\lst@skipnumbers=\count123
\lst@framebox=\box35
)
(/usr/share/texlive/texmf-dist/tex/latex/listings/listings.cfg
File: listings.cfg 2015/06/04 1.6 listings configuration
))
Package: listings 2015/06/04 1.6 (Carsten Heinz)

(/usr/share/texlive/texmf-dist/tex/latex/xcolor/xcolor.sty
Package: xcolor 2007/01/21 v2.11 LaTeX color extensions (UK)

(/usr/share/texlive/texmf-dist/tex/latex/latexconfig/color.cfg
File: color.cfg 2007/01/18 v1.5 color configuration of teTeX/TeXLive
)
Package xcolor Info: Driver file: pdftex.def on input line 225.
LaTeX Info: Redefining \color on input line 702.
Package xcolor Info: Model `cmy' substituted by `cmy0' on input line 1337.
Package xcolor Info: Model `hsb' substituted by `rgb' on input line 1341.
Package xcolor Info: Model `RGB' extended on input line 1353.
Package xcolor Info: Model `HTML' substituted by `rgb' on input line 1355.
Package xcolor Info: Model `Hsb' substituted by `hsb' on input line 1356.
Package xcolor Info: Model `tHsb' substituted by `hsb' on input line 1357.
Package xcolor Info: Model `HSB' substituted by `hsb' on input line 1358.
Package xcolor Info: Model `Gray' substituted by `gray' on input line 1359.
Package xcolor Info: Model `wave' substituted by `hsb' on input line 1360.
)
(/usr/share/texlive/texmf-dist/tex/latex/setspace/setspace.sty
Package: setspace 2011/12/19 v6.7a set line spacing
)
(/usr/share/texlive/texmf-dist/tex/latex/hyperref/hyperref.sty
Package: hyperref 2012/11/06 v6.83m Hypertext links for LaTeX

(/usr/share/texlive/texmf-dist/tex/generic/oberdiek/hobsub-hyperref.sty
Package: hobsub-hyperref 2012/05/28 v1.13 Bundle oberdiek, subset hyperref (HO)


(/usr/share/texlive/texmf-dist/tex/generic/oberdiek/hobsub-generic.sty
Package: hobsub-generic 2012/05/28 v1.13 Bundle oberdiek, subset generic (HO)
Package: hobsub 2012/05/28 v1.13 Construct package bundles (HO)
Package hobsub Info: Skipping package `infwarerr' (already loaded).
Package hobsub Info: Skipping package `ltxcmds' (already loaded).
Package: ifluatex 2010/03/01 v1.3 Provides the ifluatex switch (HO)
Package ifluatex Info: LuaTeX not detected.
Package: ifvtex 2010/03/01 v1.5 Detect VTeX and its facilities (HO)
Package ifvtex Info: VTeX not detected.
Package: intcalc 2007/09/27 v1.1 Expandable calculations with integers (HO)
Package: ifpdf 2011/01/30 v2.3 Provides the ifpdf switch (HO)
Package ifpdf Info: pdfTeX in PDF mode is detected.
Package: etexcmds 2011/02/16 v1.5 Avoid name clashes with e-TeX commands (HO)
Package etexcmds Info: Could not find \expanded.
(etexcmds)             That can mean that you are not using pdfTeX 1.50 or
(etexcmds)             that some package has redefined \expanded.
(etexcmds)             In the latter case, load this package earlier.
Package: kvsetkeys 2012/04/25 v1.16 Key value parser (HO)
Package: kvdefinekeys 2011/04/07 v1.3 Define keys (HO)
Package: pdftexcmds 2011/11/29 v0.20 Utility functions of pdfTeX for LuaTeX (HO
)
Package pdftexcmds Info: LuaTeX not detected.
Package pdftexcmds Info: \pdf@primitive is available.
Package pdftexcmds Info: \pdf@ifprimitive is available.
Package pdftexcmds Info: \pdfdraftmode found.
Package: pdfescape 2011/11/25 v1.13 Implements pdfTeX's escape features (HO)
Package: bigintcalc 2012/04/08 v1.3 Expandable calculations on big integers (HO
)
Package: bitset 2011/01/30 v1.1 Handle bit-vector datatype (HO)
Package: uniquecounter 2011/01/30 v1.2 Provide unlimited unique counter (HO)
)
Package hobsub Info: Skipping package `hobsub' (already loaded).
Package: letltxmacro 2010/09/02 v1.4 Let assignment for LaTeX macros (HO)
Package: hopatch 2012/05/28 v1.2 Wrapper for package hooks (HO)
Package: xcolor-patch 2011/01/30 xcolor patch
Package: atveryend 2011/06/30 v1.8 Hooks at the very end of document (HO)
Package atveryend Info: \enddocument detected (standard20110627).
Package: atbegshi 2011/10/05 v1.16 At begin shipout hook (HO)
Package: refcount 2011/10/16 v3.4 Data extraction from label references (HO)
Package: hycolor 2011/01/30 v1.7 Color options for hyperref/bookmark (HO)
)
(/usr/share/texlive/texmf-dist/tex/generic/ifxetex/ifxetex.sty
Package: ifxetex 2010/09/12 v0.6 Provides ifxetex conditional
)
(/usr/share/texlive/texmf-dist/tex/latex/oberdiek/auxhook.sty
Package: auxhook 2011/03/04 v1.3 Hooks for auxiliary files (HO)
)
(/usr/share/texlive/texmf-dist/tex/latex/oberdiek/kvoptions.sty
Package: kvoptions 2011/06/30 v3.11 Key value format for package options (HO)
)
\@linkdim=\dimen127
\Hy@linkcounter=\count124
\Hy@pagecounter=\count125

(/usr/share/texlive/texmf-dist/tex/latex/hyperref/pd1enc.def
File: pd1enc.def 2012/11/06 v6.83m Hyperref: PDFDocEncoding definition (HO)
)
\Hy@SavedSpaceFactor=\count126

(/usr/share/texlive/texmf-dist/tex/latex/latexconfig/hyperref.cfg
File: hyperref.cfg 2002/06/06 v1.2 hyperref configuration of TeXLive
)
Package hyperref Info: Hyper figures OFF on input line 4443.
Package hyperref Info: Link nesting OFF on input line 4448.
Package hyperref Info: Hyper index ON on input line 4451.
Package hyperref Info: Plain pages OFF on input line 4458.
Package hyperref Info: Backreferencing OFF on input line 4463.
Package hyperref Info: Implicit mode ON; LaTeX internals redefined.
Package hyperref Info: Bookmarks ON on input line 4688.
\c@Hy@tempcnt=\count127

(/usr/share/texlive/texmf-dist/tex/latex/url/url.sty
\Urlmuskip=\muskip11
Package: url 2013/09/16  ver 3.4  Verb mode for urls, etc.
)
LaTeX Info: Redefining \url on input line 5041.
\XeTeXLinkMargin=\dimen128
\Fld@menulength=\count128
\Field@Width=\dimen129
\Fld@charsize=\dimen130
Package hyperref Info: Hyper figures OFF on input line 6295.
Package hyperref Info: Link nesting OFF on input line 6300.
Package hyperref Info: Hyper index ON on input line 6303.
Package hyperref Info: backreferencing OFF on input line 6310.
Package hyperref Info: Link coloring OFF on input line 6315.
Package hyperref Info: Link coloring with OCG OFF on input line 6320.
Package hyperref Info: PDF/A mode OFF on input line 6325.
LaTeX Info: Redefining \ref on input line 6365.
LaTeX Info: Redefining \pageref on input line 6369.
\Hy@abspage=\count129
\c@Item=\count130
\c@Hfootnote=\count131
)

Package hyperref Message: Driver (autodetected): hpdftex.

(/usr/share/texlive/texmf-dist/tex/latex/hyperref/hpdftex.def
File: hpdftex.def 2012/11/06 v6.83m Hyperref driver for pdfTeX
\Fld@listcount=\count132
\c@bookmark@seq@number=\count133

(/usr/share/texlive/texmf-dist/tex/latex/oberdiek/rerunfilecheck.sty
Package: rerunfilecheck 2011/04/15 v1.7 Rerun checks for auxiliary files (HO)
Package uniquecounter Info: New unique counter `rerunfilecheck' on input line 2
82.
)
\Hy@SectionHShift=\skip57
)
Package caption Info: We need package `newfloat' on input line 31.

(/usr/share/texlive/texmf-dist/tex/latex/caption/newfloat.sty
Package: newfloat 2015/09/17 v1.1-109 Defining new floating environments (AR)
)

Package hyperref Warning: Option `bookmarks' has already been used,
(hyperref)                setting the option has no effect on input line 43.

Package hyperref Info: Option `colorlinks' set `true' on input line 43.
\c@theorem=\count134
(/usr/share/texlive/texmf-dist/tex/plain/amsfonts/amssym.def
\msafam=\mathgroup7
\msbfam=\mathgroup8
\eufmfam=\mathgroup9
)
(/usr/share/texlive/texmf-dist/tex/plain/amsfonts/amssym.tex)
(/usr/share/texlive/texmf-dist/tex/latex/fancyhdr/fancyhdr.sty
\fancy@headwidth=\skip58
\f@ncyO@elh=\skip59
\f@ncyO@erh=\skip60
\f@ncyO@olh=\skip61
\f@ncyO@orh=\skip62
\f@ncyO@elf=\skip63
\f@ncyO@erf=\skip64
\f@ncyO@olf=\skip65
\f@ncyO@orf=\skip66
)
(./graph labelling.aux)
\openout1 = `"graph labelling.aux"'.

LaTeX Font Info:    Checking defaults for OML/cmm/m/it on input line 305.
LaTeX Font Info:    ... okay on input line 305.
LaTeX Font Info:    Checking defaults for T1/cmr/m/n on input line 305.
LaTeX Font Info:    ... okay on input line 305.
LaTeX Font Info:    Checking defaults for OT1/cmr/m/n on input line 305.
LaTeX Font Info:    ... okay on input line 305.
LaTeX Font Info:    Checking defaults for OMS/cmsy/m/n on input line 305.
LaTeX Font Info:    ... okay on input line 305.
LaTeX Font Info:    Checking defaults for OMX/cmex/m/n on input line 305.
LaTeX Font Info:    ... okay on input line 305.
LaTeX Font Info:    Checking defaults for U/cmr/m/n on input line 305.
LaTeX Font Info:    ... okay on input line 305.
LaTeX Font Info:    Checking defaults for TS1/cmr/m/n on input line 305.
LaTeX Font Info:    Try loading font information for TS1+cmr on input line 305.

 (/usr/share/texlive/texmf-dist/tex/latex/base/ts1cmr.fd
File: ts1cmr.fd 2014/09/29 v2.5h Standard LaTeX font definitions
)
LaTeX Font Info:    ... okay on input line 305.
LaTeX Font Info:    Checking defaults for PD1/pdf/m/n on input line 305.
LaTeX Font Info:    ... okay on input line 305.
 (/usr/share/texlive/texmf-dist/tex/context/base/supp-pdf.mkii
[Loading MPS to PDF converter (version 2006.09.02).]
\scratchcounter=\count135
\scratchdimen=\dimen131
\scratchbox=\box36
\nofMPsegments=\count136
\nofMParguments=\count137
\everyMPshowfont=\toks25
\MPscratchCnt=\count138
\MPscratchDim=\dimen132
\MPnumerator=\count139
\makeMPintoPDFobject=\count140
\everyMPtoPDFconversion=\toks26
) (/usr/share/texlive/texmf-dist/tex/latex/oberdiek/epstopdf-base.sty
Package: epstopdf-base 2010/02/09 v2.5 Base part for package epstopdf

(/usr/share/texlive/texmf-dist/tex/latex/oberdiek/grfext.sty
Package: grfext 2010/08/19 v1.1 Manage graphics extensions (HO)
)
Package grfext Info: Graphics extension search list:
(grfext)             [.png,.pdf,.jpg,.mps,.jpeg,.jbig2,.jb2,.PNG,.PDF,.JPG,.JPE
G,.JBIG2,.JB2,.eps]
(grfext)             \AppendGraphicsExtensions on input line 452.

(/usr/share/texlive/texmf-dist/tex/latex/latexconfig/epstopdf-sys.cfg
File: epstopdf-sys.cfg 2010/07/13 v1.3 Configuration of (r)epstopdf for TeX Liv
e
))
Package caption Info: Begin \AtBeginDocument code.
Package caption Info: subfig package v1.3 is loaded.
Package caption Info: hyperref package is loaded.
Package caption Info: listings package is loaded.
Package caption Info: longtable package is loaded.

(/usr/share/texlive/texmf-dist/tex/latex/caption/ltcaption.sty
Package: ltcaption 2013/06/09 v1.4-94 longtable captions (AR)
)
Package caption Info: End \AtBeginDocument code.
\c@lstlisting=\count141
\AtBeginShipoutBox=\box37
Package hyperref Info: Link coloring ON on input line 305.

(/usr/share/texlive/texmf-dist/tex/latex/hyperref/nameref.sty
Package: nameref 2012/10/27 v2.43 Cross-referencing by name of section

(/usr/share/texlive/texmf-dist/tex/generic/oberdiek/gettitlestring.sty
Package: gettitlestring 2010/12/03 v1.4 Cleanup title references (HO)
)
\c@section@level=\count142
)
LaTeX Info: Redefining \ref on input line 305.
LaTeX Info: Redefining \pageref on input line 305.
LaTeX Info: Redefining \nameref on input line 305.

(./graph labelling.out) (./graph labelling.out)
\@outlinefile=\write3
\openout3 = `"graph labelling.out"'.

LaTeX Font Info:    Try loading font information for U+lasy on input line 322.

(/usr/share/texlive/texmf-dist/tex/latex/base/ulasy.fd
File: ulasy.fd 1998/08/17 v2.2e LaTeX symbol font definitions
)
LaTeX Font Info:    Try loading font information for U+msa on input line 322.

(/usr/share/texlive/texmf-dist/tex/latex/amsfonts/umsa.fd
File: umsa.fd 2013/01/14 v3.01 AMS symbols A
)
LaTeX Font Info:    Try loading font information for U+msb on input line 322.

(/usr/share/texlive/texmf-dist/tex/latex/amsfonts/umsb.fd
File: umsb.fd 2013/01/14 v3.01 AMS symbols B
) [1


{/var/lib/texmf/fonts/map/pdftex/updmap/pdftex.map}]

Package Fancyhdr Warning: \headheight is too small (12.5pt): 
 Make it at least 13.59999pt.
 We now make it that large for the rest of the document.
 This may cause the page layout to be inconsistent, however.

[2

] (../abstract/abstract.tex) [1

] [2

] (./graph labelling.toc [3])
\tf@toc=\write4
\openout4 = `"graph labelling.toc"'.

 [4]
(./graph labelling.lof
Underfull \vbox (badness 1661) has occurred while \output is active []

 [5

])
\tf@lof=\write5
\openout5 = `"graph labelling.lof"'.


[6] (../introduction/introduction.tex
Chapter 1.

Underfull \vbox (badness 10000) has occurred while \output is active []

pdfTeX warning (ext4): destination with the same identifier (name{page.1}) has 
been already used, duplicate ignored
<to be read again> 
                   \relax 
l.10 
      [1


]
Overfull \hbox (4.03673pt too wide) in paragraph at lines 11--12
\OML/cmm/m/it/10.95 L\OT1/cmr/m/n/10.95 (\OML/cmm/m/it/10.95 p[]; p[]; p[]; [] 
\OT1/cmr/m/n/10.95 )$-labelling. It is also an as-sign-ment $\OML/cmm/m/it/10.9
5 f \OT1/cmr/m/n/10.95 : \OML/cmm/m/it/10.95 V\OT1/cmr/m/n/10.95 (\OML/cmm/m/it
/10.95 G\OT1/cmr/m/n/10.95 ) \OMS/cmsy/m/n/10.95 ! f\OT1/cmr/m/n/10.95 0\OML/cm
m/m/it/10.95 ; \OT1/cmr/m/n/10.95 1\OML/cmm/m/it/10.95 ; \OT1/cmr/m/n/10.95 2\O
ML/cmm/m/it/10.95 ; [] ; k\OMS/cmsy/m/n/10.95 g$
 []


Overfull \hbox (1.67796pt too wide) in paragraph at lines 13--14
[]\OT1/cmr/m/n/10.95 We will mainly study the $\OML/cmm/m/it/10.95 L\OT1/cmr/m/
n/10.95 (\OML/cmm/m/it/10.95 p[]; p[]; p[]\OT1/cmr/m/n/10.95 )$-labelling prob-
lem with $\OML/cmm/m/it/10.95 p[] \OT1/cmr/m/n/10.95 = \OML/cmm/m/it/10.95 h; p
[] \OT1/cmr/m/n/10.95 =
 []


Underfull \vbox (badness 10000) has occurred while \output is active []

pdfTeX warning (ext4): destination with the same identifier (name{page.2}) has 
been already used, duplicate ignored
<to be read again> 
                   \relax 
l.16 
      [2]) (../trees/trees.tex [3] [4

]
Chapter 2.
<../figures/fig2-1.pdf, id=291, 722.7pt x 542.025pt>
File: ../figures/fig2-1.pdf Graphic file (type pdf)

<use ../figures/fig2-1.pdf>
Package pdftex.def Info: ../figures/fig2-1.pdf used on input line 10.
(pdftex.def)             Requested size: 252.94878pt x 189.71158pt.

Underfull \vbox (badness 10000) has occurred while \output is active []

 [5]
[6 <../figures/fig2-1.pdf>]
Overfull \hbox (10.77469pt too wide) in paragraph at lines 30--31
[]\OT1/cmr/m/it/10.95 Let $\OML/cmm/m/it/10.95 G$ \OT1/cmr/m/it/10.95 be a grap
h as shown in Fig. [][]2.2[][]. Then $\OML/cmm/m/it/10.95 P \OT1/cmr/m/n/10.95 
= \OML/cmm/m/it/10.95 x[]x[]x[]x[]x[]$
 []

<../figures/fig2-2.pdf, id=317, 597.23125pt x 845.1575pt>
File: ../figures/fig2-2.pdf Graphic file (type pdf)

<use ../figures/fig2-2.pdf>
Package pdftex.def Info: ../figures/fig2-2.pdf used on input line 35.
(pdftex.def)             Requested size: 149.30743pt x 211.28885pt.
 [7 <../figures/fig2-2.pdf>] [8]
<../figures/fig2-3.pdf, id=361, 597.23125pt x 845.1575pt>
File: ../figures/fig2-3.pdf Graphic file (type pdf)

<use ../figures/fig2-3.pdf>
Package pdftex.def Info: ../figures/fig2-3.pdf used on input line 79.
(pdftex.def)             Requested size: 179.17075pt x 253.54921pt.


Package hyperref Warning: Token not allowed in a PDF string (PDFDocEncoding):
(hyperref)                removing `math shift' on input line 88.


Package hyperref Warning: Token not allowed in a PDF string (PDFDocEncoding):
(hyperref)                removing `math shift' on input line 88.


Underfull \vbox (badness 10000) has occurred while \output is active []

 [9 <../figures/fig2-3.pdf>] <../figures/fig2-4.pdf, id=401, 722.7pt x 542.025p
t>
File: ../figures/fig2-4.pdf Graphic file (type pdf)

<use ../figures/fig2-4.pdf>
Package pdftex.def Info: ../figures/fig2-4.pdf used on input line 104.
(pdftex.def)             Requested size: 289.07487pt x 216.80615pt.
 [10 <../figures/fig2-4.pdf>]
<../figures/fig2-5.pdf, id=417, 722.7pt x 542.025pt>
File: ../figures/fig2-5.pdf Graphic file (type pdf)

<use ../figures/fig2-5.pdf>
Package pdftex.def Info: ../figures/fig2-5.pdf used on input line 123.
(pdftex.def)             Requested size: 289.07487pt x 216.80615pt.
) (../linearmetric/linearmetric.tex [11 <../figures/fig2-5.pdf>] [12

]
Chapter 3.
[13] <../figures/fig3-1.pdf, id=446, 722.7pt x 542.025pt>
File: ../figures/fig3-1.pdf Graphic file (type pdf)

<use ../figures/fig3-1.pdf>
Package pdftex.def Info: ../figures/fig3-1.pdf used on input line 42.
(pdftex.def)             Requested size: 289.07487pt x 216.80615pt.
 [14]
Underfull \vbox (badness 10000) has occurred while \output is active []

 [15 <../figures/fig3-1.pdf>] [16]
Overfull \hbox (9.54836pt too wide) in paragraph at lines 137--138
[]\OT1/cmr/m/n/10.95 For $\OML/cmm/m/it/10.95 L\OT1/cmr/m/n/10.95 (2\OML/cmm/m/
it/10.95 ; \OT1/cmr/m/n/10.95 1)$-labelling of pla-nar graphs $\OML/cmm/m/it/10
.95 G$\OT1/cmr/m/n/10.95 , [][]Jonas[][] [[][]1993[][]] proved that $\OML/cmm/m
/it/10.95 ^^U[]\OT1/cmr/m/n/10.95 (\OML/cmm/m/it/10.95 G\OT1/cmr/m/n/10.95 ) \O
MS/cmsy/m/n/10.95 ^^T
 []

[17]
Underfull \hbox (badness 10000) in paragraph at lines 145--152

 []


Underfull \hbox (badness 10000) in paragraph at lines 145--152

 []


Package hyperref Warning: Token not allowed in a PDF string (PDFDocEncoding):
(hyperref)                removing `math shift' on input line 165.


Package hyperref Warning: Token not allowed in a PDF string (PDFDocEncoding):
(hyperref)                removing `math shift' on input line 165.


Package hyperref Warning: Token not allowed in a PDF string (PDFDocEncoding):
(hyperref)                removing `math shift' on input line 165.


Package hyperref Warning: Token not allowed in a PDF string (PDFDocEncoding):
(hyperref)                removing `math shift' on input line 165.


Underfull \vbox (badness 10000) has occurred while \output is active []

 [18]
Overfull \hbox (21.96416pt too wide) in paragraph at lines 198--199
[]$[]\OMS/cmsy/m/n/10.95 f\OML/cmm/m/it/10.95 f\OT1/cmr/m/n/10.95 (\OML/cmm/m/i
t/10.95 N\OT1/cmr/m/n/10.95 (\OML/cmm/m/it/10.95 u[]\OT1/cmr/m/n/10.95 ))\OMS/c
msy/m/n/10.95 g ^^@ []f\OML/cmm/m/it/10.95 f\OT1/cmr/m/n/10.95 (\OML/cmm/m/it/1
0.95 C\OT1/cmr/m/n/10.95 (\OML/cmm/m/it/10.95 u[]\OT1/cmr/m/n/10.95 ))\OMS/cmsy
/m/n/10.95 g \OT1/cmr/m/n/10.95 = \OML/cmm/m/it/10.95 h$ \OT1/cmr/m/it/10.95 or
 $[]\OMS/cmsy/m/n/10.95 f\OML/cmm/m/it/10.95 f\OT1/cmr/m/n/10.95 (\OML/cmm/m/it
/10.95 C\OT1/cmr/m/n/10.95 (\OML/cmm/m/it/10.95 u[]\OT1/cmr/m/n/10.95 ))\OMS/cm
sy/m/n/10.95 g ^^@ []f\OML/cmm/m/it/10.95 f\OT1/cmr/m/n/10.95 (\OML/cmm/m/it/10
.95 N\OT1/cmr/m/n/10.95 (\OML/cmm/m/it/10.95 u[]\OT1/cmr/m/n/10.95 ))\OMS/cmsy/
m/n/10.95 g \OT1/cmr/m/n/10.95 =
 []

[19]
Underfull \hbox (badness 10000) in paragraph at lines 212--214

 []


Underfull \hbox (badness 10000) in paragraph at lines 214--220

 []


Underfull \hbox (badness 10000) in paragraph at lines 275--277

 []

[20] <../figures/fig3-2.pdf, id=562, 722.7pt x 542.025pt>
File: ../figures/fig3-2.pdf Graphic file (type pdf)

<use ../figures/fig3-2.pdf>
Package pdftex.def Info: ../figures/fig3-2.pdf used on input line 283.
(pdftex.def)             Requested size: 289.07487pt x 216.80615pt.
 [21 <../figures/fig3-2.pdf>]
<../figures/fig3-3.pdf, id=583, 722.7pt x 542.025pt>
File: ../figures/fig3-3.pdf Graphic file (type pdf)

<use ../figures/fig3-3.pdf>
Package pdftex.def Info: ../figures/fig3-3.pdf used on input line 311.
(pdftex.def)             Requested size: 289.07487pt x 216.80615pt.
 [22 <../figures/fig3-3.pdf>]

Package hyperref Warning: Token not allowed in a PDF string (PDFDocEncoding):
(hyperref)                removing `math shift' on input line 354.


Package hyperref Warning: Token not allowed in a PDF string (PDFDocEncoding):
(hyperref)                removing `math shift' on input line 354.


Package hyperref Warning: Token not allowed in a PDF string (PDFDocEncoding):
(hyperref)                removing `math shift' on input line 354.


Package hyperref Warning: Token not allowed in a PDF string (PDFDocEncoding):
(hyperref)                removing `math shift' on input line 354.

[23]
Overfull \hbox (12.23088pt too wide) in paragraph at lines 378--379
[]$[]\OT1/cmr/m/n/10.95 (\OML/cmm/m/it/10.95 f\OT1/cmr/m/n/10.95 (\OML/cmm/m/it
/10.95 N\OT1/cmr/m/n/10.95 (\OML/cmm/m/it/10.95 u[]\OT1/cmr/m/n/10.95 ))) \OMS/
cmsy/m/n/10.95 ^^@ []\OT1/cmr/m/n/10.95 (\OML/cmm/m/it/10.95 f\OT1/cmr/m/n/10.9
5 (\OML/cmm/m/it/10.95 C\OT1/cmr/m/n/10.95 (\OML/cmm/m/it/10.95 u[]\OT1/cmr/m/n
/10.95 ))) = \OML/cmm/m/it/10.95 h$ \OT1/cmr/m/it/10.95 or $[]\OT1/cmr/m/n/10.9
5 (\OML/cmm/m/it/10.95 f\OT1/cmr/m/n/10.95 (\OML/cmm/m/it/10.95 C\OT1/cmr/m/n/1
0.95 (\OML/cmm/m/it/10.95 u[]\OT1/cmr/m/n/10.95 ))) \OMS/cmsy/m/n/10.95 ^^@ []\
OT1/cmr/m/n/10.95 (\OML/cmm/m/it/10.95 f\OT1/cmr/m/n/10.95 (\OML/cmm/m/it/10.95
 N\OT1/cmr/m/n/10.95 (\OML/cmm/m/it/10.95 u[]\OT1/cmr/m/n/10.95 ))) =
 []


Underfull \hbox (badness 10000) in paragraph at lines 392--394

 []

[24]
Overfull \hbox (24.60376pt too wide) in paragraph at lines 412--413
\OML/cmm/m/it/10.95 g\OT1/cmr/m/n/10.95 (\OML/cmm/m/it/10.95 N\OT1/cmr/m/n/10.9
5 (\OML/cmm/m/it/10.95 u[]\OT1/cmr/m/n/10.95 ))$ is not con-sec-u-tive. In this
 case, we have $\OML/cmm/m/it/10.95 g\OT1/cmr/m/n/10.95 (\OML/cmm/m/it/10.95 N\
OT1/cmr/m/n/10.95 (\OML/cmm/m/it/10.95 u[]\OT1/cmr/m/n/10.95 )) \U/msb/m/n/10 (
 \OT1/cmr/m/n/10.95 [0\OML/cmm/m/it/10.95 ; []\OMS/cmsy/m/n/10.95 f\OML/cmm/m/i
t/10.95 g\OT1/cmr/m/n/10.95 (\OML/cmm/m/it/10.95 N\OT1/cmr/m/n/10.95 (\OML/cmm/
m/it/10.95 u[]\OT1/cmr/m/n/10.95 ))\OMS/cmsy/m/n/10.95 g\OT1/cmr/m/n/10.95 ]$.
 []


Underfull \vbox (badness 10000) has occurred while \output is active []

 [25]
Overfull \hbox (3.12257pt too wide) in paragraph at lines 447--448
\OT1/cmr/m/n/10.95 there ex-its two for-bid-den gaps[][][][][] $\OMS/cmsy/m/n/1
0.95 G[]\OML/cmm/m/it/10.95 ; \OMS/cmsy/m/n/10.95 G[]$ \OT1/cmr/m/n/10.95 in be
-tween the sets $\OML/cmm/m/it/10.95 g\OT1/cmr/m/n/10.95 (\OML/cmm/m/it/10.95 N
\OT1/cmr/m/n/10.95 (\OML/cmm/m/it/10.95 u[]\OT1/cmr/m/n/10.95 ))[]\OML/cmm/m/it
/10.95 ; g\OT1/cmr/m/n/10.95 (\OML/cmm/m/it/10.95 C\OT1/cmr/m/n/10.95 (\OML/cmm
/m/it/10.95 u[]\OT1/cmr/m/n/10.95 ))$
 []


Underfull \vbox (badness 10000) has occurred while \output is active []

 [26]
<../figures/fig3-4.pdf, id=653, 722.7pt x 542.025pt>
File: ../figures/fig3-4.pdf Graphic file (type pdf)

<use ../figures/fig3-4.pdf>
Package pdftex.def Info: ../figures/fig3-4.pdf used on input line 460.
(pdftex.def)             Requested size: 289.07487pt x 216.80615pt.

Underfull \vbox (badness 4981) has occurred while \output is active []

 [27 <../figures/fig3-4.pdf>]
Underfull \hbox (badness 10000) in paragraph at lines 503--505

 []

[28]

Package hyperref Warning: Token not allowed in a PDF string (PDFDocEncoding):
(hyperref)                removing `math shift' on input line 532.


Package hyperref Warning: Token not allowed in a PDF string (PDFDocEncoding):
(hyperref)                removing `math shift' on input line 532.


Package hyperref Warning: Token not allowed in a PDF string (PDFDocEncoding):
(hyperref)                removing `math shift' on input line 542.


Package hyperref Warning: Token not allowed in a PDF string (PDFDocEncoding):
(hyperref)                removing `\Delta' on input line 542.


Package hyperref Warning: Token not allowed in a PDF string (PDFDocEncoding):
(hyperref)                removing `subscript' on input line 542.


Package hyperref Warning: Token not allowed in a PDF string (PDFDocEncoding):
(hyperref)                removing `math shift' on input line 542.


Package hyperref Warning: Token not allowed in a PDF string (PDFDocEncoding):
(hyperref)                removing `math shift' on input line 542.


Package hyperref Warning: Token not allowed in a PDF string (PDFDocEncoding):
(hyperref)                removing `\Delta' on input line 542.


Package hyperref Warning: Token not allowed in a PDF string (PDFDocEncoding):
(hyperref)                removing `math shift' on input line 542.


Package hyperref Warning: Token not allowed in a PDF string (PDFDocEncoding):
(hyperref)                removing `math shift' on input line 542.


Package hyperref Warning: Token not allowed in a PDF string (PDFDocEncoding):
(hyperref)                removing `\Delta' on input line 542.


Package hyperref Warning: Token not allowed in a PDF string (PDFDocEncoding):
(hyperref)                removing `math shift' on input line 542.

[29] <../figures/fig3-5.pdf, id=705, 722.7pt x 542.025pt>
File: ../figures/fig3-5.pdf Graphic file (type pdf)

<use ../figures/fig3-5.pdf>
Package pdftex.def Info: ../figures/fig3-5.pdf used on input line 603.
(pdftex.def)             Requested size: 289.07487pt x 216.80615pt.
 [30 <../figures/fig3-5.pdf>]

Package hyperref Warning: Token not allowed in a PDF string (PDFDocEncoding):
(hyperref)                removing `math shift' on input line 639.


Package hyperref Warning: Token not allowed in a PDF string (PDFDocEncoding):
(hyperref)                removing `math shift' on input line 639.


Package hyperref Warning: Token not allowed in a PDF string (PDFDocEncoding):
(hyperref)                removing `math shift' on input line 639.


Package hyperref Warning: Token not allowed in a PDF string (PDFDocEncoding):
(hyperref)                removing `math shift' on input line 639.


Package hyperref Warning: Token not allowed in a PDF string (PDFDocEncoding):
(hyperref)                removing `math shift' on input line 639.


Package hyperref Warning: Token not allowed in a PDF string (PDFDocEncoding):
(hyperref)                removing `math shift' on input line 639.


Underfull \vbox (badness 1817) has occurred while \output is active []

 [31]

LaTeX Warning: The counter will not be printed.
             The label is: (*) on input line 682.

<../figures/fig3-6-a.pdf, id=737, 722.7pt x 542.025pt>
File: ../figures/fig3-6-a.pdf Graphic file (type pdf)

<use ../figures/fig3-6-a.pdf>
Package pdftex.def Info: ../figures/fig3-6-a.pdf used on input line 700.
(pdftex.def)             Requested size: 289.07487pt x 216.80615pt.

<../figures/fig3-6-b.pdf, id=738, 722.7pt x 542.025pt>
File: ../figures/fig3-6-b.pdf Graphic file (type pdf)

<use ../figures/fig3-6-b.pdf>
Package pdftex.def Info: ../figures/fig3-6-b.pdf used on input line 709.
(pdftex.def)             Requested size: 289.07487pt x 216.80615pt.
 [32] [33 <../figures/fig3-6-a.pdf> <../figures/fig3-6-b.pdf

pdfTeX warning: pdflatex (file ../figures/fig3-6-b.pdf): PDF inclusion: multipl
e pdfs with page group included in a single page
>] <../figures/fig3-7.pdf, id=787, 722.7pt x 542.025pt>
File: ../figures/fig3-7.pdf Graphic file (type pdf)

<use ../figures/fig3-7.pdf>
Package pdftex.def Info: ../figures/fig3-7.pdf used on input line 740.
(pdftex.def)             Requested size: 289.07487pt x 216.80615pt.
 [34]
<../figures/fig3-8.pdf, id=797, 722.7pt x 542.025pt>
File: ../figures/fig3-8.pdf Graphic file (type pdf)

<use ../figures/fig3-8.pdf>
Package pdftex.def Info: ../figures/fig3-8.pdf used on input line 777.
(pdftex.def)             Requested size: 289.07487pt x 216.80615pt.


Package hyperref Warning: Token not allowed in a PDF string (PDFDocEncoding):
(hyperref)                removing `math shift' on input line 793.


Package hyperref Warning: Token not allowed in a PDF string (PDFDocEncoding):
(hyperref)                removing `subscript' on input line 793.


Package hyperref Warning: Token not allowed in a PDF string (PDFDocEncoding):
(hyperref)                removing `math shift' on input line 793.

[35 <../figures/fig3-7.pdf>]
Underfull \vbox (badness 6268) has occurred while \output is active []

 [36 <../figures/fig3-8.pdf>]

LaTeX Warning: The counter will not be printed.
             The label is: (*) on input line 852.


Underfull \hbox (badness 10000) in paragraph at lines 843--856

 []


Overfull \hbox (14.09998pt too wide) in paragraph at lines 843--856
[] 
 []


Underfull \hbox (badness 10000) in paragraph at lines 843--856

 []


Underfull \vbox (badness 10000) has occurred while \output is active []

 [37]
Overfull \hbox (3.86905pt too wide) in paragraph at lines 861--868
[]$\OML/cmm/m/it/10.95 f\OT1/cmr/m/n/10.95 (\OML/cmm/m/it/10.95 C[]\OT1/cmr/m/n
/10.95 ) = []$ 
 []


Overfull \hbox (20.79868pt too wide) in paragraph at lines 872--873
[]\OT1/cmr/m/n/10.95 Suppose $\OML/cmm/m/it/10.95 T[] \OMS/cmsy/m/n/10.95 2 T[]
$ \OT1/cmr/m/n/10.95 is $\OML/cmm/m/it/10.95 L\OT1/cmr/m/n/10.95 (\OML/cmm/m/it
/10.95 h; p; q\OT1/cmr/m/n/10.95 )$-labelled by a func-tion $\OML/cmm/m/it/10.9
5 f$ \OT1/cmr/m/n/10.95 with $\OML/cmm/m/it/10.95 ^^U[]\OT1/cmr/m/n/10.95 (\OML
/cmm/m/it/10.95 T[]\OT1/cmr/m/n/10.95 ) =
 []

[38]) (../cyclicmetric/cyclicmetric.tex [39] [40

]
Chapter 4.
[41] <../figures/fig4-1.pdf, id=878, 845.1575pt x 597.23125pt>
File: ../figures/fig4-1.pdf Graphic file (type pdf)

<use ../figures/fig4-1.pdf>
Package pdftex.def Info: ../figures/fig4-1.pdf used on input line 43.
(pdftex.def)             Requested size: 338.057pt x 238.88826pt.

Underfull \hbox (badness 10000) in paragraph at lines 36--48

 []


Underfull \hbox (badness 10000) in paragraph at lines 36--48

 []

<../figures/fig4-2.pdf, id=881, 722.7pt x 542.025pt>
File: ../figures/fig4-2.pdf Graphic file (type pdf)

<use ../figures/fig4-2.pdf>
Package pdftex.def Info: ../figures/fig4-2.pdf used on input line 67.
(pdftex.def)             Requested size: 289.07487pt x 216.80615pt.
 [42] [43 <../figures/fig4-1.pdf, page is rotated 90 degrees>]
Overfull \hbox (1.15594pt too wide) in paragraph at lines 86--87
[]\OT1/cmr/m/it/10.95 For a graph $\OML/cmm/m/it/10.95 G$ \OT1/cmr/m/it/10.95 w
ith $\OML/cmm/m/it/10.95 diam\OT1/cmr/m/n/10.95 (\OML/cmm/m/it/10.95 G\OT1/cmr/
m/n/10.95 ) \OMS/cmsy/m/n/10.95 ^^U \OT1/cmr/m/n/10.95 3$\OT1/cmr/m/it/10.95 , 
if $\OML/cmm/m/it/10.95 ^^U[]\OT1/cmr/m/n/10.95 (\OML/cmm/m/it/10.95 G\OT1/cmr/
m/n/10.95 )$ \OT1/cmr/m/it/10.95 and $\OML/cmm/m/it/10.95 ^^\[]\OT1/cmr/m/n/10.
95 (\OML/cmm/m/it/10.95 G\OT1/cmr/m/n/10.95 )$
 []

[44 <../figures/fig4-2.pdf>]
<../figures/fig4-3.pdf, id=914, 722.7pt x 542.025pt>
File: ../figures/fig4-3.pdf Graphic file (type pdf)

<use ../figures/fig4-3.pdf>
Package pdftex.def Info: ../figures/fig4-3.pdf used on input line 118.
(pdftex.def)             Requested size: 289.07487pt x 216.80615pt.

Underfull \vbox (badness 10000) has occurred while \output is active []

 [45 <../figures/fig4-3.pdf>]

Package hyperref Warning: Token not allowed in a PDF string (PDFDocEncoding):
(hyperref)                removing `math shift' on input line 163.


Package hyperref Warning: Token not allowed in a PDF string (PDFDocEncoding):
(hyperref)                removing `math shift' on input line 163.

[46]

Package hyperref Warning: Token not allowed in a PDF string (PDFDocEncoding):
(hyperref)                removing `math shift' on input line 170.


Package hyperref Warning: Token not allowed in a PDF string (PDFDocEncoding):
(hyperref)                removing `math shift' on input line 170.


Package hyperref Warning: Token not allowed in a PDF string (PDFDocEncoding):
(hyperref)                removing `math shift' on input line 170.


Package hyperref Warning: Token not allowed in a PDF string (PDFDocEncoding):
(hyperref)                removing `math shift' on input line 170.


Underfull \hbox (badness 10000) in paragraph at lines 188--190

 []

<../figures/fig4-4.pdf, id=954, 722.7pt x 542.025pt>
File: ../figures/fig4-4.pdf Graphic file (type pdf)

<use ../figures/fig4-4.pdf>
Package pdftex.def Info: ../figures/fig4-4.pdf used on input line 200.
(pdftex.def)             Requested size: 252.94878pt x 189.71158pt.
 [47] [48 <../figures/fig4-4.pdf>]

Package hyperref Warning: Token not allowed in a PDF string (PDFDocEncoding):
(hyperref)                removing `math shift' on input line 227.


Package hyperref Warning: Token not allowed in a PDF string (PDFDocEncoding):
(hyperref)                removing `math shift' on input line 227.


Package hyperref Warning: Token not allowed in a PDF string (PDFDocEncoding):
(hyperref)                removing `math shift' on input line 227.


Package hyperref Warning: Token not allowed in a PDF string (PDFDocEncoding):
(hyperref)                removing `math shift' on input line 227.

[49]
Underfull \hbox (badness 10000) in paragraph at lines 269--271

 []


Overfull \hbox (3.67848pt too wide) in paragraph at lines 271--273
\OT1/cmr/bx/n/10.95 Proof  \OT1/cmr/m/n/10.95 The first step is to use in-duc-t
ion to show $(2)$, pro-vided $[]\OMS/cmsy/m/n/10.95 f\OML/cmm/m/it/10.95 V\OT1/
cmr/m/n/10.95 (\OML/cmm/m/it/10.95 C[]\OT1/cmr/m/n/10.95 )\OMS/cmsy/m/n/10.95 g
 \OT1/cmr/m/n/10.95 =
 []

[50] <../figures/fig4-5-a.pdf, id=1001, 722.7pt x 542.025pt>
File: ../figures/fig4-5-a.pdf Graphic file (type pdf)

<use ../figures/fig4-5-a.pdf>
Package pdftex.def Info: ../figures/fig4-5-a.pdf used on input line 296.
(pdftex.def)             Requested size: 325.21199pt x 243.90898pt.

<../figures/fig4-5-b.pdf, id=1002, 722.7pt x 542.025pt>
File: ../figures/fig4-5-b.pdf Graphic file (type pdf)

<use ../figures/fig4-5-b.pdf>
Package pdftex.def Info: ../figures/fig4-5-b.pdf used on input line 305.
(pdftex.def)             Requested size: 325.21199pt x 243.90898pt.

Underfull \vbox (badness 7685) has occurred while \output is active []

 [51]
[52 <../figures/fig4-5-a.pdf> <../figures/fig4-5-b.pdf

pdfTeX warning: pdflatex (file ../figures/fig4-5-b.pdf): PDF inclusion: multipl
e pdfs with page group included in a single page
>] <../figures/fig4-7.pdf, id=1044, 722.7pt x 542.025pt>
File: ../figures/fig4-7.pdf Graphic file (type pdf)

<use ../figures/fig4-7.pdf>
Package pdftex.def Info: ../figures/fig4-7.pdf used on input line 356.
(pdftex.def)             Requested size: 289.07487pt x 216.80615pt.

Underfull \vbox (badness 10000) has occurred while \output is active []

 [53]

Package hyperref Warning: Token not allowed in a PDF string (PDFDocEncoding):
(hyperref)                removing `math shift' on input line 373.


Package hyperref Warning: Token not allowed in a PDF string (PDFDocEncoding):
(hyperref)                removing `math shift' on input line 373.

[54 <../figures/fig4-7.pdf>]

Package hyperref Warning: Token not allowed in a PDF string (PDFDocEncoding):
(hyperref)                removing `math shift' on input line 381.


Package hyperref Warning: Token not allowed in a PDF string (PDFDocEncoding):
(hyperref)                removing `math shift' on input line 381.


Package hyperref Warning: Token not allowed in a PDF string (PDFDocEncoding):
(hyperref)                removing `math shift' on input line 381.


Package hyperref Warning: Token not allowed in a PDF string (PDFDocEncoding):
(hyperref)                removing `subscript' on input line 381.


Package hyperref Warning: Token not allowed in a PDF string (PDFDocEncoding):
(hyperref)                removing `math shift' on input line 381.


Package hyperref Warning: Token not allowed in a PDF string (PDFDocEncoding):
(hyperref)                removing `math shift' on input line 381.


Package hyperref Warning: Token not allowed in a PDF string (PDFDocEncoding):
(hyperref)                removing `math shift' on input line 381.


Underfull \hbox (badness 10000) in paragraph at lines 390--392

 []


LaTeX Warning: The counter will not be printed.
             The label is: (3) on input line 411.

[55] [56]
Underfull \hbox (badness 10000) in paragraph at lines 442--444

 []

[57]
Underfull \vbox (badness 10000) has occurred while \output is active []

 [58]
Underfull \vbox (badness 10000) has occurred while \output is active []

 [59]
Underfull \vbox (badness 10000) has occurred while \output is active []

 [60]

Package hyperref Warning: Token not allowed in a PDF string (PDFDocEncoding):
(hyperref)                removing `math shift' on input line 549.


Package hyperref Warning: Token not allowed in a PDF string (PDFDocEncoding):
(hyperref)                removing `math shift' on input line 549.


Package hyperref Warning: Token not allowed in a PDF string (PDFDocEncoding):
(hyperref)                removing `math shift' on input line 549.


Package hyperref Warning: Token not allowed in a PDF string (PDFDocEncoding):
(hyperref)                removing `subscript' on input line 549.


Package hyperref Warning: Token not allowed in a PDF string (PDFDocEncoding):
(hyperref)                removing `math shift' on input line 549.


Package hyperref Warning: Token not allowed in a PDF string (PDFDocEncoding):
(hyperref)                removing `math shift' on input line 549.


Package hyperref Warning: Token not allowed in a PDF string (PDFDocEncoding):
(hyperref)                removing `\ge' on input line 549.


Package hyperref Warning: Token not allowed in a PDF string (PDFDocEncoding):
(hyperref)                removing `math shift' on input line 549.


Underfull \vbox (badness 2253) has occurred while \output is active []

 [61]
[62] [63]

Package hyperref Warning: Token not allowed in a PDF string (PDFDocEncoding):
(hyperref)                removing `math shift' on input line 695.


Package hyperref Warning: Token not allowed in a PDF string (PDFDocEncoding):
(hyperref)                removing `math shift' on input line 695.

[64]

Package hyperref Warning: Token not allowed in a PDF string (PDFDocEncoding):
(hyperref)                removing `math shift' on input line 709.


Package hyperref Warning: Token not allowed in a PDF string (PDFDocEncoding):
(hyperref)                removing `math shift' on input line 709.


Package hyperref Warning: Token not allowed in a PDF string (PDFDocEncoding):
(hyperref)                removing `math shift' on input line 709.


Package hyperref Warning: Token not allowed in a PDF string (PDFDocEncoding):
(hyperref)                removing `math shift' on input line 709.


Package hyperref Warning: Token not allowed in a PDF string (PDFDocEncoding):
(hyperref)                removing `math shift' on input line 709.


Package hyperref Warning: Token not allowed in a PDF string (PDFDocEncoding):
(hyperref)                removing `math shift' on input line 709.


Underfull \vbox (badness 10000) has occurred while \output is active []

 [65]
Underfull \vbox (badness 10000) has occurred while \output is active []

 [66]
Overfull \hbox (1.8738pt too wide) in paragraph at lines 805--805
[] 
 []


Underfull \vbox (badness 10000) has occurred while \output is active []

 [67]
Underfull \vbox (badness 10000) has occurred while \output is active []

 [68]
Underfull \vbox (badness 10000) has occurred while \output is active []

 [69]
[70]
Underfull \vbox (badness 10000) has occurred while \output is active []

 [71]

Package hyperref Warning: Token not allowed in a PDF string (PDFDocEncoding):
(hyperref)                removing `math shift' on input line 1016.


Package hyperref Warning: Token not allowed in a PDF string (PDFDocEncoding):
(hyperref)                removing `math shift' on input line 1016.


Package hyperref Warning: Token not allowed in a PDF string (PDFDocEncoding):
(hyperref)                removing `math shift' on input line 1016.


Package hyperref Warning: Token not allowed in a PDF string (PDFDocEncoding):
(hyperref)                removing `math shift' on input line 1016.


Overfull \hbox (0.22821pt too wide) in paragraph at lines 1029--1030
[]\OT1/cmr/m/it/10.95 For a tree $\OML/cmm/m/it/10.95 T \OMS/cmsy/m/n/10.95 2 K
[]$\OT1/cmr/m/it/10.95 , the min-i-mum span of the $\OML/cmm/m/it/10.95 C\OT1/c
mr/m/n/10.95 (\OML/cmm/m/it/10.95 h; \OT1/cmr/m/n/10.95 1\OML/cmm/m/it/10.95 ; 
\OT1/cmr/m/n/10.95 1)$\OT1/cmr/m/it/10.95 -
 []

[72] [73]) (../conclusion/conclusion.tex [74]
Chapter 5.

Overfull \hbox (13.48799pt too wide) in paragraph at lines 14--15
[]$\OML/cmm/m/it/10.95 C\OT1/cmr/m/n/10.95 (\OML/cmm/m/it/10.95 h; \OT1/cmr/m/n
/10.95 1\OML/cmm/m/it/10.95 ; \OT1/cmr/m/n/10.95 1)$ and $\OML/cmm/m/it/10.95 C
\OT1/cmr/m/n/10.95 (\OML/cmm/m/it/10.95 h; p; q\OT1/cmr/m/n/10.95 )$-labelling 
of trees. In par-tic-u-lar, check if $\OML/cmm/m/it/10.95 ^^\[]\OT1/cmr/m/n/10.
95 (\OML/cmm/m/it/10.95 T[]\OT1/cmr/m/n/10.95 )$
 []

[75

]) (../appendix/appendix.tex [76]
Overfull \hbox (43.83835pt too wide) in alignment at lines 6--27
 [] [] 
 []


Underfull \vbox (badness 10000) detected at line 27
 []


Underfull \hbox (badness 10000) in paragraph at lines 31--31
[]|\OT1/cmr/m/n/10.95 a path that passes through ver-tices
 []


Overfull \hbox (43.83835pt too wide) in alignment at lines 27--47
 [] [] 
 []


Overfull \hbox (43.83835pt too wide) in alignment at lines 47--54
 [] [] 
 []

[77

]) (./graph labelling.bbl [78] [79

])
Package atveryend Info: Empty hook `BeforeClearDocument' on input line 384.
 [80]
Package atveryend Info: Empty hook `AfterLastShipout' on input line 384.
 (./graph labelling.aux)
Package atveryend Info: Executing hook `AtVeryEndDocument' on input line 384.
Package atveryend Info: Executing hook `AtEndAfterFileList' on input line 384.
Package rerunfilecheck Info: File `"graph labelling".out' has not changed.
(rerunfilecheck)             Checksum: D0C8420AE7FFCDF8E0133314FB1A4055;2712.
Package atveryend Info: Empty hook `AtVeryVeryEnd' on input line 384.
 ) 
Here is how much of TeX's memory you used:
 10854 strings out of 493029
 157256 string characters out of 6136233
 265807 words of memory out of 5000000
 13889 multiletter control sequences out of 15000+600000
 23697 words of font info for 95 fonts, out of 8000000 for 9000
 1141 hyphenation exceptions out of 8191
 44i,16n,48p,1684b,512s stack positions out of 5000i,500n,10000p,200000b,80000s
{/usr/share/texmf/fonts/enc/dvips/cm-super/cm-super-ts1.enc}</usr/share/texli
ve/texmf-dist/fonts/type1/public/amsfonts/cm/cmbx10.pfb></usr/share/texlive/tex
mf-dist/fonts/type1/public/amsfonts/cm/cmbx12.pfb></usr/share/texlive/texmf-dis
t/fonts/type1/public/amsfonts/cm/cmcsc10.pfb></usr/share/texlive/texmf-dist/fon
ts/type1/public/amsfonts/cm/cmex10.pfb></usr/share/texlive/texmf-dist/fonts/typ
e1/public/amsfonts/cm/cmmi10.pfb></usr/share/texlive/texmf-dist/fonts/type1/pub
lic/amsfonts/cm/cmmi12.pfb></usr/share/texlive/texmf-dist/fonts/type1/public/am
sfonts/cm/cmmi6.pfb></usr/share/texlive/texmf-dist/fonts/type1/public/amsfonts/
cm/cmmi7.pfb></usr/share/texlive/texmf-dist/fonts/type1/public/amsfonts/cm/cmmi
8.pfb></usr/share/texlive/texmf-dist/fonts/type1/public/amsfonts/cm/cmmi9.pfb><
/usr/share/texlive/texmf-dist/fonts/type1/public/amsfonts/cm/cmr10.pfb></usr/sh
are/texlive/texmf-dist/fonts/type1/public/amsfonts/cm/cmr12.pfb></usr/share/tex
live/texmf-dist/fonts/type1/public/amsfonts/cm/cmr6.pfb></usr/share/texlive/tex
mf-dist/fonts/type1/public/amsfonts/cm/cmr7.pfb></usr/share/texlive/texmf-dist/
fonts/type1/public/amsfonts/cm/cmr8.pfb></usr/share/texlive/texmf-dist/fonts/ty
pe1/public/amsfonts/cm/cmr9.pfb></usr/share/texlive/texmf-dist/fonts/type1/publ
ic/amsfonts/cm/cmsy10.pfb></usr/share/texlive/texmf-dist/fonts/type1/public/ams
fonts/cm/cmsy8.pfb></usr/share/texlive/texmf-dist/fonts/type1/public/amsfonts/c
m/cmsy9.pfb></usr/share/texlive/texmf-dist/fonts/type1/public/amsfonts/cm/cmti1
0.pfb></usr/share/texlive/texmf-dist/fonts/type1/public/amsfonts/cm/cmti12.pfb>
</usr/share/texlive/texmf-dist/fonts/type1/public/amsfonts/latxfont/lasy10.pfb>
</usr/share/texlive/texmf-dist/fonts/type1/public/amsfonts/symbols/msbm10.pfb><
/usr/share/texmf/fonts/type1/public/cm-super/sfrm1095.pfb></usr/share/texmf/fon
ts/type1/public/cm-super/sfti1095.pfb>
Output written on "graph labelling.pdf" (88 pages, 3354233 bytes).
PDF statistics:
 1415 PDF objects out of 1440 (max. 8388607)
 1208 compressed objects within 13 object streams
 292 named destinations out of 1000 (max. 500000)
 386 words of extra memory for PDF output out of 10000 (max. 10000000)

